# JRE version: OpenJDK Runtime Environment (17.0.6) (build 17.0.6+0-b2043.56-10027231)
# Java VM: OpenJDK 64-Bit Server VM (17.0.6+0-b2043.56-10027231, mixed mode, tiered, compressed oops, compressed class ptrs, g1 gc, windows-amd64)
GC Precious Log:
 CPUs: 4 total, 4 available
 Memory: 15783M
 Large Page Support: Disabled
 NUMA Support: Disabled
 Compressed Oops: Enabled (32-bit)
 Heap Region Size: 1M
 Heap Min Capacity: 8M
 Heap Initial Capacity: 248M
 Heap Max Capacity: 2G
 Pre-touch: Disabled
 Parallel Workers: 4
 Concurrent Workers: 1
 Concurrent Refinement Workers: 4
 Periodic GC: Disabled
Heap:
 garbage-first heap   total 481280K, used 142224K [0x0000000080000000, 0x0000000100000000)
  region size 1024K, 4 young (4096K), 4 survivors (4096K)
 Metaspace       used 151718K, committed 153536K, reserved 1187840K
  class space    used 19461K, committed 20352K, reserved 1048576K
GC Heap History (20 events):
Event: 7777.028 GC heap after
{Heap after GC invocations=132 (full 0):
 garbage-first heap   total 481280K, used 117715K [0x0000000080000000, 0x0000000100000000)
  region size 1024K, 3 young (3072K), 3 survivors (3072K)
 Metaspace       used 151029K, committed 152768K, reserved 1187840K
  class space    used 19409K, committed 20224K, reserved 1048576K
}
Event: 7778.135 GC heap before
{Heap before GC invocations=132 (full 0):
 garbage-first heap   total 481280K, used 156627K [0x0000000080000000, 0x0000000100000000)
  region size 1024K, 43 young (44032K), 3 survivors (3072K)
 Metaspace       used 151086K, committed 152832K, reserved 1187840K
  class space    used 19409K, committed 20224K, reserved 1048576K
}
Event: 7778.148 GC heap after
{Heap after GC invocations=133 (full 0):
 garbage-first heap   total 481280K, used 124346K [0x0000000080000000, 0x0000000100000000)
  region size 1024K, 9 young (9216K), 9 survivors (9216K)
 Metaspace       used 151086K, committed 152832K, reserved 1187840K
  class space    used 19409K, committed 20224K, reserved 1048576K
}
Event: 7820.923 GC heap before
{Heap before GC invocations=134 (full 0):
 garbage-first heap   total 475136K, used 358319K [0x0000000080000000, 0x0000000100000000)
  region size 1024K, 213 young (218112K), 9 survivors (9216K)
 Metaspace       used 151159K, committed 152896K, reserved 1187840K
  class space    used 19410K, committed 20224K, reserved 1048576K
}
Event: 7820.961 GC heap after
{Heap after GC invocations=135 (full 0):
 garbage-first heap   total 475136K, used 144463K [0x0000000080000000, 0x0000000100000000)
  region size 1024K, 26 young (26624K), 26 survivors (26624K)
 Metaspace       used 151159K, committed 152896K, reserved 1187840K
  class space    used 19410K, committed 20224K, reserved 1048576K
}
Event: 7820.965 GC heap before
{Heap before GC invocations=135 (full 0):
 garbage-first heap   total 475136K, used 145487K [0x0000000080000000, 0x0000000100000000)
  region size 1024K, 27 young (27648K), 26 survivors (26624K)
 Metaspace       used 151159K, committed 152896K, reserved 1187840K
  class space    used 19410K, committed 20224K, reserved 1048576K
}
Event: 7821.005 GC heap after
{Heap after GC invocations=136 (full 0):
 garbage-first heap   total 475136K, used 135865K [0x0000000080000000, 0x0000000100000000)
  region size 1024K, 2 young (2048K), 2 survivors (2048K)
 Metaspace       used 151159K, committed 152896K, reserved 1187840K
  class space    used 19410K, committed 20224K, reserved 1048576K
}
Event: 7821.926 GC heap before
{Heap before GC invocations=136 (full 0):
 garbage-first heap   total 475136K, used 205497K [0x0000000080000000, 0x0000000100000000)
  region size 1024K, 71 young (72704K), 2 survivors (2048K)
 Metaspace       used 151173K, committed 152896K, reserved 1187840K
  class space    used 19410K, committed 20224K, reserved 1048576K
}
Event: 7821.943 GC heap after
{Heap after GC invocations=137 (full 0):
 garbage-first heap   total 475136K, used 138789K [0x0000000080000000, 0x0000000100000000)
  region size 1024K, 5 young (5120K), 5 survivors (5120K)
 Metaspace       used 151173K, committed 152896K, reserved 1187840K
  class space    used 19410K, committed 20224K, reserved 1048576K
}
Event: 8066.983 GC heap before
{Heap before GC invocations=138 (full 0):
 garbage-first heap   total 475136K, used 383525K [0x0000000080000000, 0x0000000100000000)
  region size 1024K, 199 young (203776K), 5 survivors (5120K)
 Metaspace       used 151460K, committed 153216K, reserved 1187840K
  class space    used 19446K, committed 20288K, reserved 1048576K
}
Event: 8066.998 GC heap after
{Heap after GC invocations=139 (full 0):
 garbage-first heap   total 475136K, used 141821K [0x0000000080000000, 0x0000000100000000)
  region size 1024K, 6 young (6144K), 6 survivors (6144K)
 Metaspace       used 151460K, committed 153216K, reserved 1187840K
  class space    used 19446K, committed 20288K, reserved 1048576K
}
Event: 8067.264 GC heap before
{Heap before GC invocations=139 (full 0):
 garbage-first heap   total 475136K, used 158205K [0x0000000080000000, 0x0000000100000000)
  region size 1024K, 23 young (23552K), 6 survivors (6144K)
 Metaspace       used 151482K, committed 153216K, reserved 1187840K
  class space    used 19448K, committed 20288K, reserved 1048576K
}
Event: 8067.294 GC heap after
{Heap after GC invocations=140 (full 0):
 garbage-first heap   total 475136K, used 127805K [0x0000000080000000, 0x0000000100000000)
  region size 1024K, 2 young (2048K), 2 survivors (2048K)
 Metaspace       used 151482K, committed 153216K, reserved 1187840K
  class space    used 19448K, committed 20288K, reserved 1048576K
}
Event: 8069.254 GC heap before
{Heap before GC invocations=140 (full 0):
 garbage-first heap   total 475136K, used 171837K [0x0000000080000000, 0x0000000100000000)
  region size 1024K, 47 young (48128K), 2 survivors (2048K)
 Metaspace       used 151588K, committed 153344K, reserved 1187840K
  class space    used 19460K, committed 20352K, reserved 1048576K
}
Event: 8069.272 GC heap after
{Heap after GC invocations=141 (full 0):
 garbage-first heap   total 475136K, used 135599K [0x0000000080000000, 0x0000000100000000)
  region size 1024K, 10 young (10240K), 10 survivors (10240K)
 Metaspace       used 151588K, committed 153344K, reserved 1187840K
  class space    used 19460K, committed 20352K, reserved 1048576K
}
Event: 8194.402 GC heap before
{Heap before GC invocations=142 (full 0):
 garbage-first heap   total 475136K, used 376239K [0x0000000080000000, 0x0000000100000000)
  region size 1024K, 222 young (227328K), 10 survivors (10240K)
 Metaspace       used 151682K, committed 153536K, reserved 1187840K
  class space    used 19460K, committed 20352K, reserved 1048576K
}
Event: 8194.440 GC heap after
{Heap after GC invocations=143 (full 0):
 garbage-first heap   total 475136K, used 155367K [0x0000000080000000, 0x0000000100000000)
  region size 1024K, 27 young (27648K), 27 survivors (27648K)
 Metaspace       used 151682K, committed 153536K, reserved 1187840K
  class space    used 19460K, committed 20352K, reserved 1048576K
}
Event: 8194.448 GC heap before
{Heap before GC invocations=143 (full 0):
 garbage-first heap   total 475136K, used 156391K [0x0000000080000000, 0x0000000100000000)
  region size 1024K, 28 young (28672K), 27 survivors (27648K)
 Metaspace       used 151683K, committed 153536K, reserved 1187840K
  class space    used 19460K, committed 20352K, reserved 1048576K
}
Event: 8194.497 GC heap after
{Heap after GC invocations=144 (full 0):
 garbage-first heap   total 475136K, used 140650K [0x0000000080000000, 0x0000000100000000)
  region size 1024K, 2 young (2048K), 2 survivors (2048K)
 Metaspace       used 151683K, committed 153536K, reserved 1187840K
  class space    used 19460K, committed 20352K, reserved 1048576K
}
Event: 8195.516 GC heap before
{Heap before GC invocations=144 (full 0):
 garbage-first heap   total 475136K, used 204138K [0x0000000080000000, 0x0000000100000000)
  region size 1024K, 66 young (67584K), 2 survivors (2048K)
 Metaspace       used 151718K, committed 153536K, reserved 1187840K
  class space    used 19461K, committed 20352K, reserved 1048576K
}

